<?xml version="1.0" encoding="UTF-8"?>
<!-- Generated by org.testng.reporters.JUnitXMLReporter -->
<testsuite ignored="0" hostname="EMB-BAN-1028" failures="0" tests="4" name="Default test" time="12.942" errors="0" timestamp="2023-12-18T15:12:56 IST">
  <testcase classname="api.test.UserTests" name="createUserTest" time="3.244"/>
  <testcase classname="api.test.UserTests" name="getUserTest" time="1.234"/>
  <testcase classname="api.test.UserTests" name="modifyUserTest" time="6.212"/>
  <testcase classname="api.test.UserTests" name="deleteUserTest" time="2.029"/>
</testsuite> <!-- Default test -->
