<?xml version="1.0" encoding="UTF-8"?>
<testng-results ignored="0" total="4" passed="4" failed="0" skipped="0">
  <reporter-output>
  </reporter-output>
  <suite started-at="2023-12-18T15:12:43 IST" name="Default suite" finished-at="2023-12-18T15:12:56 IST" duration-ms="12942">
    <groups>
    </groups>
    <test started-at="2023-12-18T15:12:43 IST" name="Default test" finished-at="2023-12-18T15:12:56 IST" duration-ms="12942">
      <class name="api.test.UserTests">
        <test-method is-config="true" signature="setUpData()[pri:0, instance:api.test.UserTests@25641d39]" started-at="2023-12-18T15:12:43 IST" name="setUpData" finished-at="2023-12-18T15:12:43 IST" duration-ms="177" status="PASS">
          <reporter-output>
          </reporter-output>
        </test-method> <!-- setUpData -->
        <test-method signature="createUserTest()[pri:1, instance:api.test.UserTests@25641d39]" started-at="2023-12-18T15:12:43 IST" name="createUserTest" finished-at="2023-12-18T15:12:46 IST" duration-ms="3244" status="PASS">
          <reporter-output>
          </reporter-output>
        </test-method> <!-- createUserTest -->
        <test-method signature="getUserTest()[pri:2, instance:api.test.UserTests@25641d39]" started-at="2023-12-18T15:12:46 IST" name="getUserTest" finished-at="2023-12-18T15:12:47 IST" duration-ms="1234" status="PASS">
          <reporter-output>
          </reporter-output>
        </test-method> <!-- getUserTest -->
        <test-method signature="modifyUserTest()[pri:3, instance:api.test.UserTests@25641d39]" started-at="2023-12-18T15:12:47 IST" name="modifyUserTest" finished-at="2023-12-18T15:12:54 IST" duration-ms="6212" status="PASS">
          <reporter-output>
          </reporter-output>
        </test-method> <!-- modifyUserTest -->
        <test-method signature="deleteUserTest()[pri:4, instance:api.test.UserTests@25641d39]" started-at="2023-12-18T15:12:54 IST" name="deleteUserTest" finished-at="2023-12-18T15:12:56 IST" duration-ms="2029" status="PASS">
          <reporter-output>
          </reporter-output>
        </test-method> <!-- deleteUserTest -->
      </class> <!-- api.test.UserTests -->
    </test> <!-- Default test -->
  </suite> <!-- Default suite -->
</testng-results>
